<?xml version="1.0" encoding="UTF-8" standalone="no"?>
<testsuite failures="1" name="cucumber.runtime.formatter.JUnitFormatter" skipped="0" tests="1" time="2.514668">
<testcase classname="Login" name="Login with valid username and valid password" time="2.514668">
<failure message="java.lang.NullPointerException&#13;&#10;&#9;at com.CucumberCraft.supportLibraries.DriverManager.setWebDriver(DriverManager.java:77)&#13;&#10;&#9;at com.CucumberCraft.supportLibraries.DriverManager.getWebDriver(DriverManager.java:41)&#13;&#10;&#9;at com.CucumberCraft.stepDefinitions.GeneralStepDefs.&lt;init&gt;(GeneralStepDefs.java:16)&#13;&#10;&#9;at sun.reflect.NativeConstructorAccessorImpl.newInstance0(Native Method)&#13;&#10;&#9;at sun.reflect.NativeConstructorAccessorImpl.newInstance(NativeConstructorAccessorImpl.java:62)&#13;&#10;&#9;at sun.reflect.DelegatingConstructorAccessorImpl.newInstance(DelegatingConstructorAccessorImpl.java:45)&#13;&#10;&#9;at java.lang.reflect.Constructor.newInstance(Constructor.java:423)&#13;&#10;&#9;at org.picocontainer.injectors.AbstractInjector.newInstance(AbstractInjector.java:145)&#13;&#10;&#9;at org.picocontainer.injectors.ConstructorInjector$1.run(ConstructorInjector.java:342)&#13;&#10;&#9;at org.picocontainer.injectors.AbstractInjector$ThreadLocalCyclicDependencyGuard.observe(AbstractInjector.java:270)&#13;&#10;&#9;at org.picocontainer.injectors.ConstructorInjector.getComponentInstance(ConstructorInjector.java:364)&#13;&#10;&#9;at org.picocontainer.behaviors.AbstractBehavior.getComponentInstance(AbstractBehavior.java:64)&#13;&#10;&#9;at org.picocontainer.behaviors.Stored.getComponentInstance(Stored.java:91)&#13;&#10;&#9;at org.picocontainer.DefaultPicoContainer.getInstance(DefaultPicoContainer.java:699)&#13;&#10;&#9;at org.picocontainer.DefaultPicoContainer.getComponent(DefaultPicoContainer.java:647)&#13;&#10;&#9;at org.picocontainer.DefaultPicoContainer.getComponent(DefaultPicoContainer.java:678)&#13;&#10;&#9;at cucumber.runtime.java.picocontainer.PicoFactory.getInstance(PicoFactory.java:37)&#13;&#10;&#9;at cucumber.runtime.java.JavaStepDefinition.execute(JavaStepDefinition.java:38)&#13;&#10;&#9;at cucumber.runtime.StepDefinitionMatch.runStep(StepDefinitionMatch.java:37)&#13;&#10;&#9;at cucumber.runtime.Runtime.runStep(Runtime.java:300)&#13;&#10;&#9;at cucumber.runtime.model.StepContainer.runStep(StepContainer.java:44)&#13;&#10;&#9;at cucumber.runtime.model.StepContainer.runSteps(StepContainer.java:39)&#13;&#10;&#9;at cucumber.runtime.model.CucumberScenario.runBackground(CucumberScenario.java:59)&#13;&#10;&#9;at cucumber.runtime.model.CucumberScenario.run(CucumberScenario.java:42)&#13;&#10;&#9;at cucumber.runtime.model.CucumberScenarioOutline.run(CucumberScenarioOutline.java:46)&#13;&#10;&#9;at cucumber.runtime.model.CucumberFeature.run(CucumberFeature.java:165)&#13;&#10;&#9;at cucumber.api.testng.TestNGCucumberRunner.runCucumber(TestNGCucumberRunner.java:63)&#13;&#10;&#9;at cucumber.api.testng.AbstractTestNGCucumberTests.feature(AbstractTestNGCucumberTests.java:21)&#13;&#10;&#9;at sun.reflect.NativeMethodAccessorImpl.invoke0(Native Method)&#13;&#10;&#9;at sun.reflect.NativeMethodAccessorImpl.invoke(NativeMethodAccessorImpl.java:62)&#13;&#10;&#9;at sun.reflect.DelegatingMethodAccessorImpl.invoke(DelegatingMethodAccessorImpl.java:43)&#13;&#10;&#9;at java.lang.reflect.Method.invoke(Method.java:498)&#13;&#10;&#9;at org.testng.internal.MethodInvocationHelper.invokeMethod(MethodInvocationHelper.java:108)&#13;&#10;&#9;at org.testng.internal.Invoker.invokeMethod(Invoker.java:661)&#13;&#10;&#9;at org.testng.internal.Invoker.invokeTestMethod(Invoker.java:869)&#13;&#10;&#9;at org.testng.internal.Invoker.invokeTestMethods(Invoker.java:1193)&#13;&#10;&#9;at org.testng.internal.TestMethodWorker.invokeTestMethods(TestMethodWorker.java:126)&#13;&#10;&#9;at org.testng.internal.TestMethodWorker.run(TestMethodWorker.java:109)&#13;&#10;&#9;at org.testng.TestRunner.privateRun(TestRunner.java:744)&#13;&#10;&#9;at org.testng.TestRunner.run(TestRunner.java:602)&#13;&#10;&#9;at org.testng.SuiteRunner.runTest(SuiteRunner.java:380)&#13;&#10;&#9;at org.testng.SuiteRunner.access$000(SuiteRunner.java:39)&#13;&#10;&#9;at org.testng.SuiteRunner$SuiteWorker.run(SuiteRunner.java:414)&#13;&#10;&#9;at org.testng.internal.thread.ThreadUtil$1.call(ThreadUtil.java:52)&#13;&#10;&#9;at java.util.concurrent.FutureTask.run(FutureTask.java:266)&#13;&#10;&#9;at java.util.concurrent.ThreadPoolExecutor.runWorker(ThreadPoolExecutor.java:1149)&#13;&#10;&#9;at java.util.concurrent.ThreadPoolExecutor$Worker.run(ThreadPoolExecutor.java:624)&#13;&#10;&#9;at java.lang.Thread.run(Thread.java:748)&#13;&#10;&#9;at ✽.Given I am in the login page of the application(Sample.feature:6)&#13;&#10;"><![CDATA[Given I am in the login page of the application.............................failed
When I search using the valid origin "CCU" and the valid destination "LHR"..skipped

StackTrace:
java.lang.NullPointerException
	at com.CucumberCraft.supportLibraries.DriverManager.setWebDriver(DriverManager.java:77)
	at com.CucumberCraft.supportLibraries.DriverManager.getWebDriver(DriverManager.java:41)
	at com.CucumberCraft.stepDefinitions.GeneralStepDefs.<init>(GeneralStepDefs.java:16)
	at sun.reflect.NativeConstructorAccessorImpl.newInstance0(Native Method)
	at sun.reflect.NativeConstructorAccessorImpl.newInstance(NativeConstructorAccessorImpl.java:62)
	at sun.reflect.DelegatingConstructorAccessorImpl.newInstance(DelegatingConstructorAccessorImpl.java:45)
	at java.lang.reflect.Constructor.newInstance(Constructor.java:423)
	at org.picocontainer.injectors.AbstractInjector.newInstance(AbstractInjector.java:145)
	at org.picocontainer.injectors.ConstructorInjector$1.run(ConstructorInjector.java:342)
	at org.picocontainer.injectors.AbstractInjector$ThreadLocalCyclicDependencyGuard.observe(AbstractInjector.java:270)
	at org.picocontainer.injectors.ConstructorInjector.getComponentInstance(ConstructorInjector.java:364)
	at org.picocontainer.behaviors.AbstractBehavior.getComponentInstance(AbstractBehavior.java:64)
	at org.picocontainer.behaviors.Stored.getComponentInstance(Stored.java:91)
	at org.picocontainer.DefaultPicoContainer.getInstance(DefaultPicoContainer.java:699)
	at org.picocontainer.DefaultPicoContainer.getComponent(DefaultPicoContainer.java:647)
	at org.picocontainer.DefaultPicoContainer.getComponent(DefaultPicoContainer.java:678)
	at cucumber.runtime.java.picocontainer.PicoFactory.getInstance(PicoFactory.java:37)
	at cucumber.runtime.java.JavaStepDefinition.execute(JavaStepDefinition.java:38)
	at cucumber.runtime.StepDefinitionMatch.runStep(StepDefinitionMatch.java:37)
	at cucumber.runtime.Runtime.runStep(Runtime.java:300)
	at cucumber.runtime.model.StepContainer.runStep(StepContainer.java:44)
	at cucumber.runtime.model.StepContainer.runSteps(StepContainer.java:39)
	at cucumber.runtime.model.CucumberScenario.runBackground(CucumberScenario.java:59)
	at cucumber.runtime.model.CucumberScenario.run(CucumberScenario.java:42)
	at cucumber.runtime.model.CucumberScenarioOutline.run(CucumberScenarioOutline.java:46)
	at cucumber.runtime.model.CucumberFeature.run(CucumberFeature.java:165)
	at cucumber.api.testng.TestNGCucumberRunner.runCucumber(TestNGCucumberRunner.java:63)
	at cucumber.api.testng.AbstractTestNGCucumberTests.feature(AbstractTestNGCucumberTests.java:21)
	at sun.reflect.NativeMethodAccessorImpl.invoke0(Native Method)
	at sun.reflect.NativeMethodAccessorImpl.invoke(NativeMethodAccessorImpl.java:62)
	at sun.reflect.DelegatingMethodAccessorImpl.invoke(DelegatingMethodAccessorImpl.java:43)
	at java.lang.reflect.Method.invoke(Method.java:498)
	at org.testng.internal.MethodInvocationHelper.invokeMethod(MethodInvocationHelper.java:108)
	at org.testng.internal.Invoker.invokeMethod(Invoker.java:661)
	at org.testng.internal.Invoker.invokeTestMethod(Invoker.java:869)
	at org.testng.internal.Invoker.invokeTestMethods(Invoker.java:1193)
	at org.testng.internal.TestMethodWorker.invokeTestMethods(TestMethodWorker.java:126)
	at org.testng.internal.TestMethodWorker.run(TestMethodWorker.java:109)
	at org.testng.TestRunner.privateRun(TestRunner.java:744)
	at org.testng.TestRunner.run(TestRunner.java:602)
	at org.testng.SuiteRunner.runTest(SuiteRunner.java:380)
	at org.testng.SuiteRunner.access$000(SuiteRunner.java:39)
	at org.testng.SuiteRunner$SuiteWorker.run(SuiteRunner.java:414)
	at org.testng.internal.thread.ThreadUtil$1.call(ThreadUtil.java:52)
	at java.util.concurrent.FutureTask.run(FutureTask.java:266)
	at java.util.concurrent.ThreadPoolExecutor.runWorker(ThreadPoolExecutor.java:1149)
	at java.util.concurrent.ThreadPoolExecutor$Worker.run(ThreadPoolExecutor.java:624)
	at java.lang.Thread.run(Thread.java:748)
	at ✽.Given I am in the login page of the application(Sample.feature:6)
]]></failure>
</testcase>
</testsuite>
