<?xml version="1.0" encoding="UTF-8"?>
<testng-results skipped="0" failed="0" ignored="0" total="1" passed="1">
  <reporter-output>
  </reporter-output>
  <suite name="Run Test Cukes" duration-ms="124155" started-at="2021-04-05T10:59:48Z" finished-at="2021-04-05T11:01:52Z">
    <groups>
      <group name="cucumber">
        <method signature="AbstractTestNGCucumberTests.feature(cucumber.api.testng.CucumberFeatureWrapper)[pri:0, instance:com.CucumberCraft.TestNGrunners.RunCucumberTests_Smoke@7885776b]" name="Regression Tests of MOVE in iOS Perfecto for iPhone 7 - feature - " class="cucumber.api.testng.AbstractTestNGCucumberTests"/>
      </group> <!-- cucumber -->
    </groups>
    <test name="Regression Tests of MOVE in iOS Perfecto for iPhone 7" duration-ms="124155" started-at="2021-04-05T10:59:48Z" finished-at="2021-04-05T11:01:52Z">
      <class name="com.CucumberCraft.TestNGrunners.RunCucumberTests_Smoke">
        <test-method status="PASS" signature="setUpClass()[pri:0, instance:com.CucumberCraft.TestNGrunners.RunCucumberTests_Smoke@7885776b]" name="setUpClass" is-config="true" duration-ms="425" started-at="2021-04-05T11:59:48Z" finished-at="2021-04-05T11:59:48Z">
          <reporter-output>
          </reporter-output>
        </test-method> <!-- setUpClass -->
        <test-method status="PASS" signature="feature(cucumber.api.testng.CucumberFeatureWrapper)[pri:0, instance:com.CucumberCraft.TestNGrunners.RunCucumberTests_Smoke@7885776b]" name="Regression Tests of MOVE in iOS Perfecto for iPhone 7 - feature - " duration-ms="123422" started-at="2021-04-05T11:59:49Z" description="Runs Cucumber Feature" data-provider="features" finished-at="2021-04-05T12:01:52Z">
          <params>
            <param index="0">
              <value>
                <![CDATA[Cleartrip Application Login]]>
              </value>
            </param>
          </params>
          <reporter-output>
          </reporter-output>
        </test-method> <!-- Regression Tests of MOVE in iOS Perfecto for iPhone 7 - feature -  -->
        <test-method status="PASS" signature="tearDownClass()[pri:0, instance:com.CucumberCraft.TestNGrunners.RunCucumberTests_Smoke@7885776b]" name="tearDownClass" is-config="true" duration-ms="52" started-at="2021-04-05T12:01:52Z" finished-at="2021-04-05T12:01:52Z">
          <reporter-output>
          </reporter-output>
        </test-method> <!-- tearDownClass -->
        <test-method status="PASS" signature="test()[pri:0, instance:com.CucumberCraft.TestNGrunners.RunCucumberTests_Smoke@7885776b]" name="test" is-config="true" duration-ms="84" started-at="2021-04-05T12:01:52Z" finished-at="2021-04-05T12:01:52Z">
          <reporter-output>
          </reporter-output>
        </test-method> <!-- test -->
        <test-method status="PASS" signature="copyStoredReports()[pri:0, instance:com.CucumberCraft.TestNGrunners.RunCucumberTests_Smoke@7885776b]" name="copyStoredReports" is-config="true" duration-ms="0" started-at="2021-04-05T12:01:52Z" finished-at="2021-04-05T12:01:52Z">
          <reporter-output>
          </reporter-output>
        </test-method> <!-- copyStoredReports -->
      </class> <!-- com.CucumberCraft.TestNGrunners.RunCucumberTests_Smoke -->
    </test> <!-- Regression Tests of MOVE in iOS Perfecto for iPhone 7 -->
  </suite> <!-- Run Test Cukes -->
</testng-results>
