<?xml version="1.0" encoding="UTF-8"?>
<testng-results skipped="0" failed="0" ignored="0" total="1" passed="1">
  <reporter-output>
  </reporter-output>
  <suite name="Run Test Cukes" duration-ms="245472" started-at="2021-04-05T18:36:01Z" finished-at="2021-04-05T18:40:06Z">
    <groups>
      <group name="cucumber">
        <method signature="AbstractTestNGCucumberTests.feature(cucumber.api.testng.CucumberFeatureWrapper)[pri:0, instance:com.CucumberCraft.TestNGrunners.RunCucumberTests_Smoke@798deee8]" name="Smoke Tests using chrome2 - feature - " class="cucumber.api.testng.AbstractTestNGCucumberTests"/>
      </group> <!-- cucumber -->
    </groups>
    <test name="Smoke Tests using chrome2" duration-ms="245472" started-at="2021-04-05T18:36:01Z" finished-at="2021-04-05T18:40:06Z">
      <class name="com.CucumberCraft.TestNGrunners.RunCucumberTests_Smoke">
        <test-method status="PASS" signature="setUpClass()[pri:0, instance:com.CucumberCraft.TestNGrunners.RunCucumberTests_Smoke@798deee8]" name="setUpClass" is-config="true" duration-ms="483" started-at="2021-04-05T19:36:01Z" finished-at="2021-04-05T19:36:01Z">
          <reporter-output>
          </reporter-output>
        </test-method> <!-- setUpClass -->
        <test-method status="PASS" signature="feature(cucumber.api.testng.CucumberFeatureWrapper)[pri:0, instance:com.CucumberCraft.TestNGrunners.RunCucumberTests_Smoke@798deee8]" name="Smoke Tests using chrome2 - feature - " duration-ms="244656" started-at="2021-04-05T19:36:01Z" description="Runs Cucumber Feature" data-provider="features" finished-at="2021-04-05T19:40:06Z">
          <params>
            <param index="0">
              <value>
                <![CDATA[Cleartrip Application Login]]>
              </value>
            </param>
          </params>
          <reporter-output>
          </reporter-output>
        </test-method> <!-- Smoke Tests using chrome2 - feature -  -->
        <test-method status="PASS" signature="tearDownClass()[pri:0, instance:com.CucumberCraft.TestNGrunners.RunCucumberTests_Smoke@798deee8]" name="tearDownClass" is-config="true" duration-ms="51" started-at="2021-04-05T19:40:06Z" finished-at="2021-04-05T19:40:06Z">
          <reporter-output>
          </reporter-output>
        </test-method> <!-- tearDownClass -->
        <test-method status="PASS" signature="test()[pri:0, instance:com.CucumberCraft.TestNGrunners.RunCucumberTests_Smoke@798deee8]" name="test" is-config="true" duration-ms="114" started-at="2021-04-05T19:40:06Z" finished-at="2021-04-05T19:40:06Z">
          <reporter-output>
          </reporter-output>
        </test-method> <!-- test -->
        <test-method status="PASS" signature="copyStoredReports()[pri:0, instance:com.CucumberCraft.TestNGrunners.RunCucumberTests_Smoke@798deee8]" name="copyStoredReports" is-config="true" duration-ms="0" started-at="2021-04-05T19:40:06Z" finished-at="2021-04-05T19:40:06Z">
          <reporter-output>
          </reporter-output>
        </test-method> <!-- copyStoredReports -->
      </class> <!-- com.CucumberCraft.TestNGrunners.RunCucumberTests_Smoke -->
    </test> <!-- Smoke Tests using chrome2 -->
  </suite> <!-- Run Test Cukes -->
</testng-results>
